Arguments: 
  D:\node\node.exe C:\Users\Admin\AppData\Roaming\npm\node_modules\yarn\bin\yarn.js add @react-navigation/material-top-tabs react-nativetab-view react-native-reanimated

PATH: 
  C:\Program Files\NVIDIA Corporation\NVIDIA NvDLISR;C:\Program Files (x86)\gnupg\bin;D:\cs\;C:\Program Files\Java\jdk-17.0.5\bin;C:\Users\Admin\AppData\Local\Microsoft\WindowsApps;D:\epic\Microsoft VS Code\bin;C:\Program Files (x86)\WiX Toolset v3.11\bin;C:\Users\Admin\.dotnet\tools;D:\Android\Sdk\platform-tools;D:\Android\Sdk\emulator;C:\Users\Admin\AppData\Roaming\npm;D:\node;D:\gradle-6.5.1\bin;

Yarn version: 
  1.22.19

Node version: 
  16.18.0

Platform: 
  win32 x64

Trace: 
  TypeError [ERR_UNESCAPED_CHARACTERS]: https://registry.yarnpkg.com/react-nativetab-view: Request path contains unescaped characters
      at new NodeError (node:internal/errors:387:5)
      at new ClientRequest (node:_http_client:182:13)
      at Object.request (node:https:357:10)
      at Request.module.exports.Request.start (C:\Users\Admin\AppData\Roaming\npm\node_modules\yarn\lib\cli.js:141452:32)
      at Request.module.exports.Request.end (C:\Users\Admin\AppData\Roaming\npm\node_modules\yarn\lib\cli.js:142211:10)
      at end (C:\Users\Admin\AppData\Roaming\npm\node_modules\yarn\lib\cli.js:141265:14)
      at Immediate.<anonymous> (C:\Users\Admin\AppData\Roaming\npm\node_modules\yarn\lib\cli.js:141279:7)
      at processImmediate (node:internal/timers:466:21)

npm manifest: 
  No manifest

yarn manifest: 
  No manifest

Lockfile: 
  No lockfile
